#####
nome: image_3_days_more.png
tamanho: 126084
criado_em: 2023-09-06 13:35:14
modificado_em: 2023-08-26 18:55:55
log_gerado_em: 2023-09-06 13:50:15

#####
nome: .DS_Store
tamanho: 6148
criado_em: 2023-09-06 13:25:27
modificado_em: 2023-09-06 13:25:27
log_gerado_em: 2023-09-06 13:50:15

#####
nome: pdf_test_file.pdf
tamanho: 11252
criado_em: 2023-09-06 13:29:50
modificado_em: 2023-09-06 13:29:39
log_gerado_em: 2023-09-06 13:50:15

#####
nome: test_txt_3.txt
tamanho: 31
criado_em: 2023-09-06 13:35:28
modificado_em: 2023-08-10 06:06:28
log_gerado_em: 2023-09-06 13:50:15

#####
nome: test_txt_2.txt
tamanho: 31
criado_em: 2023-09-06 13:35:23
modificado_em: 2023-09-06 13:20:17
log_gerado_em: 2023-09-06 13:50:15

#####
nome: test_txt_1.txt
tamanho: 31
criado_em: 2023-09-06 13:35:19
modificado_em: 2023-09-06 13:19:55
log_gerado_em: 2023-09-06 13:50:15

#####
nome: image.png
tamanho: 118385
criado_em: 2023-09-06 13:27:51
modificado_em: 2023-09-04 12:32:58
log_gerado_em: 2023-09-06 13:50:15

